make.exe all --print-data-base --no-builtin-variables --no-builtin-rules --question
# GNU Make 3.81
# Copyright (C) 2006  Free Software Foundation, Inc.
# This is free software; see the source for copying conditions.
# There is NO warranty; not even for MERCHANTABILITY or FITNESS FOR A
# PARTICULAR PURPOSE.

# This program built for i386-pc-mingw32
 

# Make data base, printed on Fri Jan 28 09:39:39 2022

# Variables

# automatic
<D = $(patsubst %/,%,$(dir $<))
# automatic
?F = $(notdir $?)
# makefile
MAKEFLAGS = Rrqp
# environment
VSCODE_LOG_NATIVE = false
# automatic
?D = $(patsubst %/,%,$(dir $?))
# automatic
@D = $(patsubst %/,%,$(dir $@))
# environment
HOMEDRIVE = C:
# automatic
@F = $(notdir $@)
# automatic
^D = $(patsubst %/,%,$(dir $^))
# makefile
CURDIR := d:/PHUONG_NGHI/LEARNING/HK212/OS/TestCode
# default
SHELL := sh.exe
# environment
CLION = 
 C:\Program Files\JetBrains\CLion 2020.3.2\bin;
# environment
WINDIR = C:\WINDOWS
# environment
VSCODE_NLS_CONFIG = {"locale":"en-us","availableLanguages":{},"_languagePackSupport":true}
# environment
VBOX_MSI_INSTALL_PATH = C:\Program Files\Oracle\VirtualBox\
# environment
ONEDRIVE = C:\Users\ASUS\OneDrive
# makefile (from `makefile', line 1)
objects = main.o factorial.o readline.o
# environment
PATHEXT = .COM;.EXE;.BAT;.CMD;.VBS;.VBE;.JS;.JSE;.WSF;.WSH;.MSC
# makefile (from `makefile', line 1)
MAKEFILE_LIST :=  makefile
# environment
FPS_BROWSER_USER_PROFILE_STRING = Default
# environment
TMP = C:\Users\ASUS\AppData\Local\Temp
# environment
VSCODE_VERBOSE_LOGGING = true
# environment
PROGRAMW6432 = C:\Program Files
# environment
PROGRAMDATA = C:\ProgramData
# environment
VSCODE_IPC_HOOK_EXTHOST = \\.\pipe\vscode-ipc-07030cb6-4c0f-4e49-9822-ecc957c85b37-sock
# environment
VSCODE_CWD = C:\Users\ASUS\AppData\Local\Programs\Microsoft VS Code
# environment
ESET_OPTIONS = $(subst ,,                                                                                                                                                                                                                                                                                                                                                                                                                                                                                                                               )
# environment
PATH = C:\Program Files\Common Files\Oracle\Java\javapath;C:\Program Files (x86)\Common Files\Oracle\Java\javapath;C:\Windows\system32;C:\Windows;C:\Windows\System32\Wbem;C:\Windows\System32\WindowsPowerShell\v1.0\;C:\Windows\System32\OpenSSH\;C:\Program Files (x86)\NVIDIA Corporation\PhysX\Common;C:\Program Files\NVIDIA Corporation\NVIDIA NvDLISR;C:\Program Files\Git\cmd;C:\Program Files\mingw-w64\x86_64-8.1.0-posix-seh-rt_v6-rev0\mingw64\bin;C:\WINDOWS\system32;C:\WINDOWS;C:\WINDOWS\System32\Wbem;C:\WINDOWS\System32\WindowsPowerShell\v1.0\;C:\WINDOWS\System32\OpenSSH\;C:\Users\ASUS\AppData\Local\Programs\Python\Python39\;C:\Users\ASUS\AppData\Local\Programs\Python\Python39\Scripts\;C:\Program Files\nodejs\;C:\Users\ASUS\AppData\Local\Microsoft\WindowsApps;D:\MiKTeX\miktex\bin\x64\;C:\Program Files (x86)\mingw-w64\i686-8.1.0-posix-dwarf-rt_v6-rev0\mingw32\bin;D:\Program\miktex\bin\x64\;C:\Program Files\JetBrains\CLion 2020.3.2\bin;;C:\Users\ASUS\AppData\Roaming\npm;C:\Users\ASUS\AppData\Local\Programs\Microsoft VS Code\bin; 
D:\ghcup\bin
# environment
COMMONPROGRAMW6432 = C:\Program Files\Common Files
# environment
GHCUP_INSTALL_BASE_PREFIX = D:\
# environment
PROCESSOR_ARCHITECTURE = x86
# environment
USERPROFILE = C:\Users\ASUS
# environment
ALLUSERSPROFILE = C:\ProgramData
# environment
VSCODE_LOG_STACK = false
# environment
NUMBER_OF_PROCESSORS = 8
# environment
ELECTRON_RUN_AS_NODE = 1
# default
.FEATURES := target-specific order-only second-expansion else-if archives
# environment
CABAL_DIR = D:\cabal
# automatic
%F = $(notdir $%)
# environment
CHROME_CRASHPAD_PIPE_NAME = \\.\pipe\crashpad_11948_CJQVBIARGKMXCQMO
# environment
VSCODE_PIPE_LOGGING = true
# environment
COMPUTERNAME = LAPTOP-C8S94SQH
# environment
PROGRAMFILES = C:\Program Files (x86)
# environment
DRIVERDATA = C:\Windows\System32\Drivers\DriverData
# environment
ORIGINAL_XDG_CURRENT_DESKTOP = undefined
# environment
USERNAME = ASUS
# environment
PUBLIC = C:\Users\Public
# environment
VSCODE_AMD_ENTRYPOINT = vs/workbench/services/extensions/node/extensionHostProcess
# environment
VSCODE_CODE_CACHE_PATH = C:\Users\ASUS\AppData\Roaming\Code\CachedData\899d46d82c4c95423fb7e10e68eba52050e30ba3
# environment
APPLICATION_INSIGHTS_NO_DIAGNOSTIC_CHANNEL = true
# environment
COMMONPROGRAMFILES = C:\Program Files (x86)\Common Files
# environment
LOGONSERVER = \\LAPTOP-C8S94SQH
# environment
ONEDRIVECONSUMER = C:\Users\ASUS\OneDrive
# environment
VSCODE_HANDLES_UNCAUGHT_ERRORS = true
# environment
USERDOMAIN = LAPTOP-C8S94SQH
# default
MAKE = $(MAKE_COMMAND)
# default
MAKECMDGOALS := all
# environment
JAVA_HOME = D:\My Laptop\jdk-17
# default
MAKE_VERSION := 3.81
# makefile
.DEFAULT_GOAL := all
# environment
PROGRAMFILES(X86) = C:\Program Files (x86)
# automatic
%D = $(patsubst %/,%,$(dir $%))
# environment
LOCALAPPDATA = C:\Users\ASUS\AppData\Local
# environment
PSMODULEPATH = C:\Program Files\WindowsPowerShell\Modules;C:\WINDOWS\system32\WindowsPowerShell\v1.0\Modules
# default
MAKE_COMMAND := make.exe
# environment
PROCESSOR_ARCHITEW6432 = AMD64
# environment
GNU_MAKEFILE = C:\Program Files (x86)\GnuWin32\bin
# default
.VARIABLES := 
# automatic
*F = $(notdir $*)
# environment
PROCESSOR_IDENTIFIER = AMD64 Family 23 Model 24 Stepping 1, AuthenticAMD
# environment
OS = Windows_NT
# environment
VSCODE_IPC_HOOK = \\.\pipe\91424adb9bf4556c76f3f7464c71b567-1.63.2-main-sock
# environment
HOMEPATH = \Users\ASUS
# environment
COMMONPROGRAMFILES(X86) = C:\Program Files (x86)\Common Files
# environment
PROMPT = $P$G
# environment
MFLAGS = -Rrqp
# automatic
*D = $(patsubst %/,%,$(dir $* 
))
# environment
SYSTEMROOT = C:\WINDOWS
# automatic
+D = $(patsubst %/,%,$(dir $+))
# automatic
+F = $(notdir $+)
# environment
APPDATA = C:\Users\ASUS\AppData\Roaming
# environment
TEMP = C:\Users\ASUS\AppData\Local\Temp
# environment
COMSPEC = C:\WINDOWS\system32\cmd.exe
# default
MAKEFILES := 
# automatic
<F = $(notdir $<)
# environment
LC_ALL = C
# automatic
^F = $(notdir $^)
# default
SUFFIXES := 
# environment
SYSTEMDRIVE = C:
# environment
SESSIONNAME = Console
# environment
PROCESSOR_REVISION = 1801
# environment
MOZ_PLUGIN_PATH = C:\Program Files (x86)\Foxit Software\Foxit Reader\plugins\
# environment
VBOX_HWVIRTEX_IGNORE_SVM_IN_USE = 1
# environment
MAKELEVEL := 0
# environment
LANG = C
# environment
PROCESSOR_LEVEL = 23
# environment
FPS_BROWSER_APP_PROFILE_STRING = Internet Explorer
# environment
VSCODE_PID = 11948
# environment
USERDOMAIN_ROAMINGPROFILE = LAPTOP-C8S94SQH
# variable set hash-table stats:
# Load=99/1024=10%, Rehash=0, Collisions=9/123=7%

# Pattern-specific Variable Values

# No pattern-specific variable values.

# Directories

# : could not be stat'd.
# C:\Program Files\Common Files\Oracle\Java\javapath (key C:/Program Files/Common Files/Oracle/Java/javapath, mtime 1642856900): 6 files, no impossibilities.
# C:\Users\ASUS\AppData\Local\Programs\Python\Python39\ (key C:/Users/ASUS/AppData/Local/Programs/Python/Python39/, mtime 1637847702): 18 files, no impossibilities.
# C:\Windows\System32\WindowsPowerShell\v1.0\ (key C:/Windows/System32/WindowsPowerShell/v1.0/, mtime 1639216202): 29 files, no impossibilities.
# C:\Windows\System32\Wbem (key C:/Windows/System32/Wbem, mtime 1639793335): 147 files, no impossibilities.
# . (key d:/PHUONG_NGHI/LEARNING/HK212/OS/TestCode, mtime 1643337540): 21 files, no impossibilities.
# C:\Users\ASUS\AppData\Local\Programs\Python\Python39\Scripts\ (key C:/Users/ASUS/AppData/Local/Programs/Python/Python39/Scripts/, mtime 1637847699): 5 files, no impossibilities.
# C:\Program Files (x86)\NVIDIA Corporation\PhysX\Common (key C:/Program Files (x86)/NVIDIA Corporation/PhysX/Common, mtime 1596886822): 10 files, no impossibilities.
# C:\Program Files\nodejs\ (key C:/Program Files/nodejs/, mtime 1638724910): 13 files, no impossibilities.
# C:\Program Files\JetBrains\CLion 2020.3.2\bin: could not be stat'd.
# C:\Windows\System32\OpenSSH\: could not be stat'd.
# D:\Program\miktex\bin\x64\: could not be stat'd.
# C:\Program Files (x86)\Common Files\Oracle\Java\javapath (key C:/Program Files (x86)/Common Files/Oracle/Java/javapath, mtime 1604115683): 5 files, no imp 
ossibilities.
# C:\Windows (key C:/Windows, mtime 1642999831): 140 files, no impossibilities.
# D:\MiKTeX\miktex\bin\x64\ (key D:/MiKTeX/miktex/bin/x64/, mtime 1610441707): 668 files, no impossibilities.
# C:\Program Files (x86)\mingw-w64\i686-8.1.0-posix-dwarf-rt_v6-rev0\mingw32\bin (key C:/Program Files (x86)/mingw-w64/i686-8.1.0-posix-dwarf-rt_v6-rev0/mingw32/bin, mtime 1608719630): 58 files, no impossibilities.
# C:\Program Files\mingw-w64\x86_64-8.1.0-posix-seh-rt_v6-rev0\mingw64\bin (key C:/Program Files/mingw-w64/x86_64-8.1.0-posix-seh-rt_v6-rev0/mingw64/bin, mtime 1615836581): 58 files, no impossibilities.
# C:\Users\ASUS\AppData\Local\Microsoft\WindowsApps (key C:/Users/ASUS/AppData/Local/Microsoft/WindowsApps, mtime 1643176045): 34 files, no impossibilities.
# C:\Users\ASUS\AppData\Local\Programs\Microsoft VS Code\bin (key C:/Users/ASUS/AppData/Local/Programs/Microsoft VS Code/bin, mtime 1639968235): 4 files, no impossibilities.
# C:\Program Files\Git\cmd (key C:/Program Files/Git/cmd, mtime 1614735965): 8 files, no impossibilities.
# C:\Windows\system32 (key C:/Windows/system32, mtime 1643301121): 2966 files, no impossibilities.
# C:\Users\ASUS\AppData\Roaming\npm (key C:/Users/ASUS/AppData/Roaming/npm, mtime 1642869252): 15 files, no impossibilities.
# D:\ghcup\bin (key D:/ghcup/bin, mtime 1642578876): 72 files, no impossibilities.
# C:\Program Files\NVIDIA Corporation\NVIDIA NvDLISR (key C:/Program Files/NVIDIA Corporation/NVIDIA NvDLISR, mtime 1596886844): 5 files, no impossibilities.

# 4282 files, no impossibilities in 24 directories.

# Implicit Rules

# No implicit rules.

# Files

readline.o: readline.c
#  Implicit rule search has not been done.
#  Last modified 2022-01-27 23:48:46
#  File has been updated.
#  Successfully updated.
# variable set hash-table stats:
# Load=0/32=0%, Rehash=0, Collisions=0/0=0%
#  commands to execute (from `makefile', line 13):
	gcc -c readline.c
	

all: main.o factorial.o readline.o
#  Command-line target.
#  Implicit rule search has not been done.
#  Implicit/static pattern stem: `'
#  File does not exist.
#  File has been updated.
#  Needs to be updated (-q is set).
# automatic
# @ := all
# automatic
# % := 
# automatic
# * := 
# automatic
# + := main.o factorial.o readline.o
# automatic
# | := 
# automatic
# < := main.o
# automatic
# ^ := main.o factorial.o readline.o
# automatic
# ? := main.o factorial.o readline.o
# variable set hash-table stats:
# Load=8/32=25%, Rehash=0, Collisions=1/11=9%
#  commands to execute (from `makefile', line 4):
	gcc $(objects) -o m 
yfactorial
	

.PHONY: clean
#  Implicit rule search has not been done.
#  Modification time never checked.
#  File has not been updated.

# Not a target:
readline.c:
#  Implicit rule search has been done.
#  Last modified 2022-01-27 22:06:25
#  File has been updated.
#  Successfully updated.
# variable set hash-table stats:
# Load=0/32=0%, Rehash=0, Collisions=0/0=0%

# Not a target:
.DEFAULT:
#  Implicit rule search has not been done.
#  Modification time never checked.
#  File has not been updated.

factorial.o: factorial.c
#  Implicit rule search has not been done.
#  Last modified 2022-01-27 23:48:46
#  File has been updated.
#  Successfully updated.
# variable set hash-table stats:
# Load=0/32=0%, Rehash=0, Collisions=0/0=0%
#  commands to execute (from `makefile', line 10):
	gcc factorial.c -c
	

# Not a target:
makefile:
#  Implicit rule search has been done.
#  Last modified 2022-01-28 09:39:32
#  File has been updated.
#  Successfully updated.
# variable set hash-table stats:
# Load=0/32=0%, Rehash=0, Collisions=0/0=0%

# Not a target:
main.c:
#  Implicit rule search has been done.
#  Last modified 2022-01-27 22:06:56
#  File has been updated.
#  Successfully updated.
# variable set hash-table stats:
# Load=0/32=0%, Rehash=0, Collisions=0/0=0%

# Not a target:
.SUFFIXES:
#  Implicit rule search has not been done.
#  Modification time never checked.
#  File has not been updated.

# Not a target:
factorial.c:
#  Implicit rule search has been done.
#  Last modified 2022-01-27 23:39:30
#  File has been updated.
#  Successfully updated.
# variable set hash-table stats:
# Load=0/32=0%, Rehash=0, Collisions=0/0=0%

clean:
#  Phony target (prerequisite of .PHONY).
#  Implicit rule search has not been done.
#  File does not exist.
#  File has not been updated.
#  commands to execute (from `makefile', line 17):
	rm -f $(objects) myfactorial
	

main.o: main.c factorial.o readline.o
#  Implicit rule search has not been done.
#  Last modified 2022-01-27 23:48:46
#  File has been updated.
#  Successfully updated.
# variable set hash-table stats:
# Load=0/32=0%, Rehash=0, Collisions=0/0=0%
#  commands to execute (from `makefile', line 7):
	gcc -c main.c
	

# files hash-table stats:
# Load=12/1024=1%, Rehash=0, Collisions=5/34=15%
# VPATH Search Paths

# No `vpath' search paths.

# No general (`VPATH' variable) search path.

# # of strings in strcache: 1
# # of strcache buffers: 1
# strcache size: total = 4096 / max = 4096 / min = 4096 / avg = 4096
# strcache free: total = 4087 / max = 4087 / min = 4087 / avg = 4087

# Finished Make data base on Fri Jan 28 09:39:39 2022

 
